<?xml version="1.0" encoding="UTF-8"?>
<!-- Generated by org.testng.reporters.JUnitReportReporter -->
<testsuite skipped="0" hostname="RaushanLaptop" name="testCases.HelloWorldTest" tests="1" failures="0" timestamp="2022-02-06T11:11:13 IST" time="0.000" errors="0">
  <testcase name="display" time="0.000" classname="testCases.HelloWorldTest"/>
  <system-out/>
</testsuite> <!-- testCases.HelloWorldTest -->
