<?xml version="1.0" encoding="UTF-8"?>
<!-- Generated by org.testng.reporters.JUnitReportReporter -->
<testsuite skipped="0" hostname="RaushanLaptop" name="testCases.DemoProgram" tests="1" failures="0" timestamp="2022-02-07T12:21:18 IST" time="5.982" errors="0">
  <testcase name="demo_startBrowser" time="5.982" classname="testCases.DemoProgram"/>
  <system-out/>
</testsuite> <!-- testCases.DemoProgram -->
