<?xml version="1.0" encoding="UTF-8"?>
<!-- Generated by org.testng.reporters.JUnitReportReporter -->
<testsuite skipped="0" hostname="RaushanLaptop" name="testCases.DemoProgram" tests="1" failures="0" timestamp="2022-02-06T11:11:13 IST" time="3.837" errors="0">
  <testcase name="demo_startBrowser" time="3.837" classname="testCases.DemoProgram"/>
  <system-out/>
</testsuite> <!-- testCases.DemoProgram -->
